name: [{'use': 'official', 'family': 'Stoltenberg489', 'given': ['Rasheeda241', 'Lakia502']}]	n.immun: 2	id.immun: dfc007d6-e4d9-1896-5a5b-85c304b06983
name: [{'use': 'official', 'family': 'Predovic534', 'given': ['Kathryn101']}]	n.immun: 3	id.immun: c78e6e0a-166f-08b1-a893-d54670172d24
name: [{'use': 'official', 'family': 'Johnson679', 'given': ['Lance203', 'Linwood526']}]	n.immun: 3	id.immun: f25598f2-0ca1-2244-1d7a-e40baa54964c
name: [{'use': 'official', 'family': 'Monahan736', 'given': ['Jefferey580', 'Kareem959']}]	n.immun: 3	id.immun: f4c925ab-da72-5b1e-3add-0be2260e0474
name: [{'use': 'official', 'family': 'Sarabia507', 'given': ['Antonia30', 'Susana117']}]	n.immun: 3	id.immun: 4a432f6f-f267-c23b-528f-a1c1263fd968
name: [{'use': 'official', 'family': 'Paucek755', 'given': ['Orval846', 'Alfred550']}]	n.immun: 3	id.immun: 634b8105-84fd-10b3-3973-dd9f118c36e2
name: [{'use': 'official', 'family': 'Kemmer137', 'given': ['Dallas143', 'Arturo47']}]	n.immun: 2	id.immun: 33cc5e42-b13b-fba8-1dab-0e39a42d61a5
name: [{'use': 'official', 'family': 'Christiansen251', 'given': ['Shenita872', 'Andera917']}]	n.immun: 2	id.immun: 322dd278-791c-7383-2f3d-979453f884eb
name: [{'use': 'official', 'family': 'Boyer713', 'given': ['Paz9', 'Roxann426']}]	n.immun: 3	id.immun: f9c1d174-58cb-ea69-1e34-6013adad4e75
name: [{'use': 'official', 'family': 'VonRueden376', 'given': ['Parker433', 'Erich201']}]	n.immun: 3	id.immun: 78bf9bc4-59de-6106-aeb1-ce9e0b373e31
name: [{'use': 'official', 'family': 'Bosco882', 'given': ['Valencia279', 'Erica194']}]	n.immun: 3	id.immun: bc21ef66-6147-4b5b-8931-32dcd23984f5
name: [{'use': 'official', 'family': 'Kutch271', 'given': ['Delois358', 'Avril120']}]	n.immun: 2	id.immun: 90dd26c7-8b04-9408-4eb2-246b0c51e885
name: [{'use': 'official', 'family': 'Collins926', 'given': ['Fletcher87', 'Roscoe437']}]	n.immun: 3	id.immun: 63c69534-2e55-9923-b928-564bdff95ee7
name: [{'use': 'official', 'family': 'Ullrich385', 'given': ['Tyrell880', 'Dion244']}]	n.immun: 3	id.immun: f2883980-f1cc-ec0a-202b-e5028f178b2f
name: [{'use': 'official', 'family': 'Jaskolski867', 'given': ['Cary869', 'Clarence5']}]	n.immun: 3	id.immun: 8103cd8e-a0c8-8264-14f5-b6eaf9a1e234
name: [{'use': 'official', 'family': 'Leuschke194', 'given': ['Brenda158', 'Claris36']}]	n.immun: 3	id.immun: 9aa1225d-1caa-6a24-270f-d594d4c03b1c
name: [{'use': 'official', 'family': 'Kirlin939', 'given': ['Lon587', 'Julian715']}]	n.immun: 3	id.immun: 4b82f003-7fa8-3274-70f6-8ce01add0ecb
name: [{'use': 'official', 'family': 'Koss676', 'given': ['Jonathon205', 'Albert312']}]	n.immun: 3	id.immun: 8345c29c-25e1-dc5c-b550-c44fa83ac673
name: [{'use': 'official', 'family': 'Leffler128', 'given': ['Jaime666', 'Tegan755']}]	n.immun: 2	id.immun: dddd660f-037c-136e-f284-1315d2d3a06f
name: [{'use': 'official', 'family': 'Collier206', 'given': ['Yuette836', 'Fern75']}]	n.immun: 3	id.immun: d9fd253f-5aee-803d-97f0-8b221af03652
name: [{'use': 'official', 'family': 'Dare640', 'given': ['Lyndsay952']}]	n.immun: 3	id.immun: 2fbcb3ff-1b8a-c28c-07c0-2c12be5749b0
"name: [{'use': 'official', 'family': ""O'Kon634"", 'given': ['Cleo27']}]"	n.immun: 3	id.immun: d73a49e9-de58-2aa4-eb74-0cf2566782aa
name: [{'use': 'official', 'family': 'Hills818', 'given': ['Arthur650']}]	n.immun: 3	id.immun: 6eb47dc5-0497-cb81-0e7b-f8ac791a1a74
name: [{'use': 'official', 'family': 'Considine820', 'given': ['Ami949', 'Jane262']}]	n.immun: 3	id.immun: 13cf3e44-0030-5430-342c-531dbb544a18
name: [{'use': 'official', 'family': 'Cole117', 'given': ['Brian582', 'Lance203']}]	n.immun: 3	id.immun: 0125e971-6a25-bd98-7d8e-087bd453b499
name: [{'use': 'official', 'family': 'Koelpin146', 'given': ['Edward499', 'Josette398']}]	n.immun: 3	id.immun: 21a915b6-38fe-fc3b-2c9d-0f4eb3665e79
name: [{'use': 'official', 'family': 'Schaefer657', 'given': ['Cary869', 'Austin578']}]	n.immun: 2	id.immun: 6e732fd8-ca9d-2414-53bf-513a20cf990f
name: [{'use': 'official', 'family': 'Buckridge80', 'given': ['Napoleon578', 'Tuan998']}]	n.immun: 3	id.immun: d18afe24-3e72-6556-4376-00161c2291f2
name: [{'use': 'official', 'family': 'Gislason620', 'given': ['Jarred626', 'Brock407']}]	n.immun: 3	id.immun: 6a2352a6-90a8-2d7f-4999-9c6725a48fc4
name: [{'use': 'official', 'family': 'Klocko335', 'given': ['Ali918']}]	n.immun: 3	id.immun: f99cb68e-972e-f926-7a77-1770b2e7b68f
name: [{'use': 'official', 'family': 'Gibson10', 'given': ['Mitsuko474', 'Salina386']}]	n.immun: 3	id.immun: 57571c8c-9e5b-8320-aceb-4aac02ba5b83
name: [{'use': 'official', 'family': 'Luettgen772', 'given': ['Francis500']}]	n.immun: 3	id.immun: 6446c05c-24c0-846b-85c6-d86c88df493e
name: [{'use': 'official', 'family': 'Schowalter414', 'given': ['Toccara373', 'Lulu18']}]	n.immun: 3	id.immun: 1df890f0-70a0-2fc9-ac5c-9c33bc111f34
name: [{'use': 'official', 'family': 'Graham902', 'given': ['Seth414', 'Buford910']}]	n.immun: 2	id.immun: 939d463b-3476-af1f-ac1d-ed939b97cf98
name: [{'use': 'official', 'family': 'Schuster709', 'given': ['Vonda514', 'Carmen818']}]	n.immun: 3	id.immun: 6b7e46c9-bf6b-7858-0803-eb39616a0a3e
name: [{'use': 'official', 'family': 'Conroy74', 'given': ['Angila948', 'Tony646']}]	n.immun: 2	id.immun: e827544a-9cef-633f-50f6-6484ab5c1ab7
name: [{'use': 'official', 'family': 'Trantow673', 'given': ['Gertie348', 'Renae431']}]	n.immun: 3	id.immun: e1f0cdb6-7666-6046-c64a-68d63879dcd5
name: [{'use': 'official', 'family': 'Lemke654', 'given': ['Korey682', 'Deangelo7']}]	n.immun: 3	id.immun: 957d043f-b32c-a8b4-9629-0120daacbb16
name: [{'use': 'official', 'family': 'Bednar518', 'given': ['Joya53', 'Veronika907']}]	n.immun: 3	id.immun: eddb2c8d-e790-384d-061c-453abee9b02c
name: [{'use': 'official', 'family': 'Ponce361', 'given': ['Micaela928']}]	n.immun: 2	id.immun: 58a05b49-adbc-fe8e-95ec-7b1e5efca1ff
name: [{'use': 'official', 'family': 'Hand679', 'given': ['Lachelle614', 'Elke785']}]	n.immun: 3	id.immun: 25d6c9fc-7d27-0784-5513-446451303f1a
name: [{'use': 'official', 'family': 'Rael318', 'given': ['Reina25', 'Francisca486']}]	n.immun: 0	id.immun: f0fe9b38-b149-935c-eeab-ecc36d3680a0
name: [{'use': 'official', 'family': 'Rodriguez71', 'given': ['Yong583', 'Clarisa227']}]	n.immun: 3	id.immun: 7fb2b22e-4d61-8b6c-433b-0f2704ef3236
name: [{'use': 'official', 'family': 'Schumm995', 'given': ['Brandi2']}]	n.immun: 3	id.immun: 279ea196-37eb-faef-aebc-a1f8b8c16ebb
name: [{'use': 'official', 'family': 'Mayert710', 'given': ['Lillian593', 'Jay242']}]	n.immun: 3	id.immun: 1cbb2028-7888-867c-1a03-99d78e30753f
name: [{'use': 'official', 'family': 'Barrows492', 'given': ['Shanon591']}]	n.immun: 2	id.immun: 4b428cb4-5d4d-6f09-d5c4-f6560d172328
name: [{'use': 'official', 'family': 'Nicolas769', 'given': ['Jonas187', 'Evan94']}]	n.immun: 3	id.immun: 35ad96ef-ed43-a6c9-0554-9d78a70f4f12
name: [{'use': 'official', 'family': 'Kunze215', 'given': ['Keith571']}]	n.immun: 3	id.immun: 031fb1f1-de36-9a75-55f8-1317d9faa427
name: [{'use': 'official', 'family': 'Schultz619', 'given': ['Olympia319', 'Tomeka87']}]	n.immun: 2	id.immun: fc11566a-ac04-0cd4-fc00-ce1cb4063427
name: [{'use': 'official', 'family': 'Swift555', 'given': ['Margaretta466', 'Ciera654']}]	n.immun: 3	id.immun: d433d2eb-35f3-f04f-28c0-9ef042c1ef04
name: [{'use': 'official', 'family': 'Ziemann98', 'given': ['Starr864', 'Sierra982']}]	n.immun: 2	id.immun: 90415c8b-3588-7746-8a0e-4d575c32c7f6
name: [{'use': 'official', 'family': 'Gislason620', 'given': ['Colton403', 'Randall756']}]	n.immun: 3	id.immun: a2eeb640-6398-75ad-b9ef-1af05802d825
name: [{'use': 'official', 'family': 'Rojas511', 'given': ['Ramiro608', 'Ramón841']}]	n.immun: 2	id.immun: 7a026437-1d85-5261-a86c-53061209bdf8
name: [{'use': 'official', 'family': 'Wiegand701', 'given': ['Doris153', 'Lane844']}]	n.immun: 2	id.immun: 9bf5cdb0-4bd5-8e35-5910-05b286d66a39
name: [{'use': 'official', 'family': 'Ernser583', 'given': ['Daren950', 'Anthony633']}]	n.immun: 2	id.immun: 603789fa-40b5-3433-6fd9-05cff797db33
name: [{'use': 'official', 'family': 'Cremin516', 'given': ['Bibi254', 'Christena299']}]	n.immun: 3	id.immun: 74bac143-655d-1210-b308-748445acbb8f
name: [{'use': 'official', 'family': 'Yundt842', 'given': ['Vicenta966', 'Olive251']}]	n.immun: 1	id.immun: 29f2461e-4150-8b90-f2b5-1d3c414acc76
name: [{'use': 'official', 'family': 'Rau926', 'given': ['Barton704', 'Carrol931']}]	n.immun: 3	id.immun: 4dc872e1-8c7a-05c2-3927-58f58d6a655e
name: [{'use': 'official', 'family': 'Dibbert990', 'given': ['Marta91', 'Yan646']}]	n.immun: 2	id.immun: 89f4b514-2930-4d7a-e4b3-7dddb707c407
name: [{'use': 'official', 'family': 'Simonis280', 'given': ['Buford910', 'Matthew562']}]	n.immun: 3	id.immun: 3d69ba7b-f045-cf1b-4b4c-6f9c06a8df79
